#
# A fatal error has been detected by the Java Runtime Environment:
#
#  SIGSEGV (0xb) at pc=0x00007f4e091f2838, pid=9275, tid=139972868794112
#
# JRE version: 6.0_34-b34
# Java VM: OpenJDK 64-Bit Server VM (23.25-b01 mixed mode linux-amd64 compressed oops)
# Derivative: IcedTea6 1.13.6
# Distribution: Ubuntu 12.04 LTS, package 6b34-1.13.6-1ubuntu0.12.04.1
# Problematic frame:
# J  sun.awt.X11.XGlobalCursorManager.updateGrabbedCursor(Ljava/awt/Cursor;)V
#
# Failed to write core dump. Core dumps have been disabled. To enable core dumping, try "ulimit -c unlimited" before starting Java again
#
# If you would like to submit a bug report, please include
# instructions how to reproduce the bug and visit:
#   https://bugs.launchpad.net/ubuntu/+source/openjdk-6/
#

---------------  T H R E A D  ---------------

Current thread (0x00007f4e0c4a2000):  JavaThread "AWT-EventQueue-1" [_thread_in_Java, id=9302, stack(0x00007f4df90f6000,0x00007f4df91f7000)]

siginfo:si_signo=SIGSEGV: si_errno=0, si_code=1 (SEGV_MAPERR), si_addr=0x0000000000000008

Registers:
RAX=0x0000000000000000, RBX=0x00000007c566d720, RCX=0x00000000f8a653ab, RDX=0x00007f4e09005e9a
RSP=0x00007f4df91f3c30, RBP=0x00007f4df91f3ce0, RSI=0x00000007c5332310, RDI=0x00000000f8acdae4
R8 =0x0000000000000000, R9 =0x00000000f8acdae4, R10=0x00000007c5329d58, R11=0x00000000f84827e4
R12=0x0000000000000000, R13=0x00007f4df91f3c88, R14=0x00007f4df91f3d30, R15=0x00007f4e0c4a2000
RIP=0x00007f4e091f2838, EFLAGS=0x0000000000010246, CSGSFS=0x0000000000000033, ERR=0x0000000000000004
  TRAPNO=0x000000000000000e

Top of Stack: (sp=0x00007f4df91f3c30)
0x00007f4df91f3c30:   00000007c555c210 00007f4df91f3c80
0x00007f4df91f3c40:   00007f4df91f3ce0 00007f4e09005e9a
0x00007f4df91f3c50:   0000000000000000 0000000000004000
0x00007f4df91f3c60:   0000000000000000 00000007c276e788
0x00007f4df91f3c70:   00007f4df91f3ce0 00007f4e09005e9a
0x00007f4df91f3c80:   00007f4e09005e9a 00000007c555c210
0x00007f4df91f3c90:   0000000000000011 0000000000000000
0x00007f4df91f3ca0:   00007f4df91f3c90 000000073ba90514
0x00007f4df91f3cb0:   00007f4df91f3d30 000000073ba92ed8
0x00007f4df91f3cc0:   000000073c3b8650 000000073ba90588
0x00007f4df91f3cd0:   00007f4df91f3c88 00007f4df91f3d18
0x00007f4df91f3ce0:   00007f4df91f3d88 00007f4e09005e9a
0x00007f4df91f3cf0:   0000000000000000 00000007c5a7a780
0x00007f4df91f3d00:   00000007c5332118 00000007c5331f00
0x00007f4df91f3d10:   00000007c555c210 0000000000000000
0x00007f4df91f3d20:   00000007c555c210 00000007c554a348
0x00007f4df91f3d30:   00000007c5a7a780 0000000000000011
0x00007f4df91f3d40:   0000000000000000 00007f4df91f3d38
0x00007f4df91f3d50:   000000073ba92375 00007f4df91f3dc0
0x00007f4df91f3d60:   000000073ba92bd8 000000073c3b78c8
0x00007f4df91f3d70:   000000073ba923f0 00007f4df91f3d18
0x00007f4df91f3d80:   00007f4df91f3db8 00007f4df91f3e18
0x00007f4df91f3d90:   00007f4e09005e9a 00000007c554a348
0x00007f4df91f3da0:   00000007c554a348 00000007c276e698
0x00007f4df91f3db0:   00000007c276e6b0 0000000000000000
0x00007f4df91f3dc0:   00000007c5a7a780 0000000000000011
0x00007f4df91f3dd0:   0000000000000000 00007f4df91f3dc8
0x00007f4df91f3de0:   000000073ba91a2b 00007f4df91f3e38
0x00007f4df91f3df0:   000000073ba92bd8 000000073c3b8740
0x00007f4df91f3e00:   000000073ba91a48 00007f4df91f3db8
0x00007f4df91f3e10:   00007f4df91f3e38 00007f4df91f3e80
0x00007f4df91f3e20:   00007f4e09005e9a 0000000000000000 

Instructions: (pc=0x00007f4e091f2838)
0x00007f4e091f2818:   00 00 00 00 00 00 00 00 89 84 24 00 c0 fe ff 55
0x00007f4e091f2828:   48 83 ec 40 48 89 34 24 66 66 90 e8 88 5a f5 ff
0x00007f4e091f2838:   44 8b 58 08 4f 8b 54 dc 68 49 b8 b0 b4 a0 3b 07
0x00007f4e091f2848:   00 00 00 4d 3b d0 0f 85 0f 03 00 00 41 81 fb a9 

Register to memory mapping:

RAX=0x0000000000000000 is an unknown value
RBX=0x00000007c566d720 is an oop
java.util.concurrent.locks.ReentrantLock$NonfairSync 
 - klass: 'java/util/concurrent/locks/ReentrantLock$NonfairSync'
RCX=0x00000000f8a653ab is an unknown value
RDX=0x00007f4e09005e9a is an Interpreter codelet
return entry points  [0x00007f4e09005780, 0x00007f4e09006d40]  5568 bytes
RSP=0x00007f4df91f3c30 is pointing into the stack for thread: 0x00007f4e0c4a2000
RBP=0x00007f4df91f3ce0 is pointing into the stack for thread: 0x00007f4e0c4a2000
RSI=0x00000007c5332310 is an oop
sun.misc.Unsafe 
 - klass: 'sun/misc/Unsafe'
RDI=0x00000000f8acdae4 is an unknown value
R8 =0x0000000000000000 is an unknown value
R9 =0x00000000f8acdae4 is an unknown value
R10=0x00000007c5329d58 is an oop
java.awt.EventDispatchThread 
 - klass: 'java/awt/EventDispatchThread'
R11=0x00000000f84827e4 is an unknown value
R12=0x0000000000000000 is an unknown value
R13=0x00007f4df91f3c88 is pointing into the stack for thread: 0x00007f4e0c4a2000
R14=0x00007f4df91f3d30 is pointing into the stack for thread: 0x00007f4e0c4a2000
R15=0x00007f4e0c4a2000 is a thread


Stack: [0x00007f4df90f6000,0x00007f4df91f7000],  sp=0x00007f4df91f3c30,  free space=1015k
Native frames: (J=compiled Java code, j=interpreted, Vv=VM code, C=native code)
J  sun.awt.X11.XGlobalCursorManager.updateGrabbedCursor(Ljava/awt/Cursor;)V
j  sun.awt.GlobalCursorManager._updateCursor(Z)V+141
j  sun.awt.GlobalCursorManager.updateCursorImmediately()V+27
j  sun.awt.X11.XComponentPeer.updateCursorImmediately()V+3
j  java.awt.Component.updateCursorImmediately()V+30
j  java.awt.Component.setCursor(Ljava/awt/Cursor;)V+6
j  org.gjt.sp.jedit.textarea.TextAreaPainter.setCursor(Ljava/awt/Cursor;)V+27
j  org.gjt.sp.jedit.textarea.TextAreaPainter.showCursor()V+12
j  org.gjt.sp.jedit.textarea.TextAreaMouseHandler.showCursor()V+7
j  org.gjt.sp.jedit.textarea.TextAreaMouseHandler.mouseMoved(Ljava/awt/event/MouseEvent;)V+1
j  java.awt.AWTEventMulticaster.mouseMoved(Ljava/awt/event/MouseEvent;)V+8
j  java.awt.Component.processMouseMotionEvent(Ljava/awt/event/MouseEvent;)V+42
j  javax.swing.JComponent.processMouseMotionEvent(Ljava/awt/event/MouseEvent;)V+42
j  java.awt.Component.processEvent(Ljava/awt/AWTEvent;)V+92
j  java.awt.Container.processEvent(Ljava/awt/AWTEvent;)V+18
j  java.awt.Component.dispatchEventImpl(Ljava/awt/AWTEvent;)V+592


---------------  P R O C E S S  ---------------

Java Threads: ( => current thread )
  0x00007f4db818d800 JavaThread "jEdit Worker #0" [_thread_blocked, id=9316, stack(0x00007f4df9444000,0x00007f4df9545000)]
  0x00007f4db8167800 JavaThread "jEdit server daemon [/home/student/lehmantd197/.jedit/server]" daemon [_thread_in_native, id=9310, stack(0x00007f4df9848000,0x00007f4df9949000)]
  0x00007f4db8166000 JavaThread "jEdit I/O #4" [_thread_blocked, id=9309, stack(0x00007f4df9949000,0x00007f4df9a4a000)]
  0x00007f4db8164800 JavaThread "jEdit I/O #3" [_thread_blocked, id=9308, stack(0x00007f4df9a4a000,0x00007f4df9b4b000)]
  0x00007f4db8162800 JavaThread "jEdit I/O #2" [_thread_blocked, id=9307, stack(0x00007f4df9b4b000,0x00007f4df9c4c000)]
  0x00007f4db8161800 JavaThread "jEdit I/O #1" [_thread_blocked, id=9306, stack(0x00007f4df9c4c000,0x00007f4df9d4d000)]
  0x00007f4e0c009000 JavaThread "DestroyJavaVM" [_thread_blocked, id=9285, stack(0x00007f4e151ad000,0x00007f4e152ae000)]
  0x00007f4e0c584000 JavaThread "TimerQueue" daemon [_thread_blocked, id=9305, stack(0x00007f4df8f96000,0x00007f4df9097000)]
=>0x00007f4e0c4a2000 JavaThread "AWT-EventQueue-1" [_thread_in_Java, id=9302, stack(0x00007f4df90f6000,0x00007f4df91f7000)]
  0x00007f4e0c49f000 JavaThread "AWT-Shutdown" [_thread_blocked, id=9301, stack(0x00007f4df91f7000,0x00007f4df92f8000)]
  0x00007f4e0c386000 JavaThread "AWT-XAWT" daemon [_thread_in_native, id=9299, stack(0x00007f4dfa42f000,0x00007f4dfa530000)]
  0x00007f4e0c2bc000 JavaThread "Java2D Disposer" daemon [_thread_blocked, id=9298, stack(0x00007f4dfa842000,0x00007f4dfa943000)]
  0x00007f4e0c0ff800 JavaThread "Low Memory Detector" daemon [_thread_blocked, id=9296, stack(0x00007f4e005f5000,0x00007f4e006f6000)]
  0x00007f4e0c0fd000 JavaThread "C2 CompilerThread1" daemon [_thread_blocked, id=9295, stack(0x00007f4e006f6000,0x00007f4e007f7000)]
  0x00007f4e0c0fa800 JavaThread "C2 CompilerThread0" daemon [_thread_blocked, id=9294, stack(0x00007f4e007f7000,0x00007f4e008f8000)]
  0x00007f4e0c0f8000 JavaThread "Signal Dispatcher" daemon [_thread_blocked, id=9293, stack(0x00007f4e008f8000,0x00007f4e009f9000)]
  0x00007f4e0c0a5800 JavaThread "Finalizer" daemon [_thread_blocked, id=9292, stack(0x00007f4e010dc000,0x00007f4e011dd000)]
  0x00007f4e0c0a3800 JavaThread "Reference Handler" daemon [_thread_blocked, id=9291, stack(0x00007f4e011dd000,0x00007f4e012de000)]

Other Threads:
  0x00007f4e0c094800 VMThread [stack: 0x00007f4e012de000,0x00007f4e013df000] [id=9290]
  0x00007f4e0c102000 WatcherThread [stack: 0x00007f4e004f4000,0x00007f4e005f5000] [id=9297]

VM state:not at safepoint (normal execution)

VM Mutex/Monitor currently owned by a thread: None

Heap
 PSYoungGen      total 55744K, used 18984K [0x00000007c1cb0000, 0x00000007c5ae0000, 0x0000000800000000)
  eden space 47808K, 23% used [0x00000007c1cb0000,0x00000007c277fe48,0x00000007c4b60000)
  from space 7936K, 99% used [0x00000007c5320000,0x00000007c5ada4b8,0x00000007c5ae0000)
  to   space 7936K, 0% used [0x00000007c4b60000,0x00000007c4b60000,0x00000007c5320000)
 ParOldGen       total 127424K, used 858K [0x0000000745600000, 0x000000074d270000, 0x00000007c1cb0000)
  object space 127424K, 0% used [0x0000000745600000,0x00000007456d6a00,0x000000074d270000)
 PSPermGen       total 22208K, used 22106K [0x000000073b000000, 0x000000073c5b0000, 0x0000000745600000)
  object space 22208K, 99% used [0x000000073b000000,0x000000073c596aa8,0x000000073c5b0000)

Card table byte_map: [0x00007f4e1194e000,0x00007f4e11f77000] byte_map_base: 0x00007f4e0df76000

Polling page: 0x00007f4e152d3000

Code Cache  [0x00007f4e09000000, 0x00007f4e09270000, 0x00007f4e0c000000)
 total_blobs=1107 nmethods=582 adapters=478 free_code_cache=47186Kb largest_free_block=48275584

Compilation events (10 events):
Event: 297.590 Thread 0x00007f4e0c0fa800  622   !         sun.awt.X11.XAwtState::getComponentMouseEntered (43 bytes)
Event: 297.599 Thread 0x00007f4e0c0fa800 nmethod 622 0x00007f4e091d8310 code [0x00007f4e091d84a0, 0x00007f4e091d8920]
Event: 298.102 Thread 0x00007f4e0c0fd000  623             sun.awt.X11.XGlobalCursorManager::getCursorManager (20 bytes)
Event: 298.102 Thread 0x00007f4e0c0fd000 nmethod 623 0x00007f4e091f1950 code [0x00007f4e091f1a80, 0x00007f4e091f1af8]
Event: 298.118 Thread 0x00007f4e0c0fa800  624             sun.awt.X11.XGlobalCursorManager::findHeavyweightUnderCursor (5 bytes)
Event: 298.118 Thread 0x00007f4e0c0fd000  625             sun.awt.X11.XGlobalCursorManager::findHeavyweightUnderCursor (4 bytes)
Event: 298.118 Thread 0x00007f4e0c0fd000 nmethod 625 0x00007f4e091d7190 code [0x00007f4e091d72e0, 0x00007f4e091d7368]
Event: 298.119 Thread 0x00007f4e0c0fa800 nmethod 624 0x00007f4e091d6f10 code [0x00007f4e091d7060, 0x00007f4e091d70e8]
Event: 298.126 Thread 0x00007f4e0c0fd000  626             sun.awt.X11.XGlobalCursorManager::updateGrabbedCursor (22 bytes)
Event: 298.141 Thread 0x00007f4e0c0fd000 nmethod 626 0x00007f4e091f2590 code [0x00007f4e091f2820, 0x00007f4e091f30d8]

GC Heap History (4 events):
Event: 5.482 GC heap before
{Heap before GC invocations=1 (full 0):
 PSYoungGen      total 55744K, used 47808K [0x00000007c1cb0000, 0x00000007c5ae0000, 0x0000000800000000)
  eden space 47808K, 100% used [0x00000007c1cb0000,0x00000007c4b60000,0x00000007c4b60000)
  from space 7936K, 0% used [0x00000007c5320000,0x00000007c5320000,0x00000007c5ae0000)
  to   space 7936K, 0% used [0x00000007c4b60000,0x00000007c4b60000,0x00000007c5320000)
 ParOldGen       total 127424K, used 0K [0x0000000745600000, 0x000000074d270000, 0x00000007c1cb0000)
  object space 127424K, 0% used [0x0000000745600000,0x0000000745600000,0x000000074d270000)
 PSPermGen       total 21248K, used 16315K [0x000000073b000000, 0x000000073c4c0000, 0x0000000745600000)
  object space 21248K, 76% used [0x000000073b000000,0x000000073bfeeef0,0x000000073c4c0000)
Event: 5.516 GC heap after
Heap after GC invocations=1 (full 0):
 PSYoungGen      total 55744K, used 5085K [0x00000007c1cb0000, 0x00000007c5ae0000, 0x0000000800000000)
  eden space 47808K, 0% used [0x00000007c1cb0000,0x00000007c1cb0000,0x00000007c4b60000)
  from space 7936K, 64% used [0x00000007c4b60000,0x00000007c5057670,0x00000007c5320000)
  to   space 7936K, 0% used [0x00000007c5320000,0x00000007c5320000,0x00000007c5ae0000)
 ParOldGen       total 127424K, used 72K [0x0000000745600000, 0x000000074d270000, 0x00000007c1cb0000)
  object space 127424K, 0% used [0x0000000745600000,0x0000000745612010,0x000000074d270000)
 PSPermGen       total 21248K, used 16315K [0x000000073b000000, 0x000000073c4c0000, 0x0000000745600000)
  object space 21248K, 76% used [0x000000073b000000,0x000000073bfeeef0,0x000000073c4c0000)
}
Event: 135.141 GC heap before
{Heap before GC invocations=2 (full 0):
 PSYoungGen      total 55744K, used 52893K [0x00000007c1cb0000, 0x00000007c5ae0000, 0x0000000800000000)
  eden space 47808K, 100% used [0x00000007c1cb0000,0x00000007c4b60000,0x00000007c4b60000)
  from space 7936K, 64% used [0x00000007c4b60000,0x00000007c5057670,0x00000007c5320000)
  to   space 7936K, 0% used [0x00000007c5320000,0x00000007c5320000,0x00000007c5ae0000)
 ParOldGen       total 127424K, used 72K [0x0000000745600000, 0x000000074d270000, 0x00000007c1cb0000)
  object space 127424K, 0% used [0x0000000745600000,0x0000000745612010,0x000000074d270000)
 PSPermGen       total 22208K, used 22028K [0x000000073b000000, 0x000000073c5b0000, 0x0000000745600000)
  object space 22208K, 99% used [0x000000073b000000,0x000000073c5832e0,0x000000073c5b0000)
Event: 135.156 GC heap after
Heap after GC invocations=2 (full 0):
 PSYoungGen      total 55744K, used 7913K [0x00000007c1cb0000, 0x00000007c5ae0000, 0x0000000800000000)
  eden space 47808K, 0% used [0x00000007c1cb0000,0x00000007c1cb0000,0x00000007c4b60000)
  from space 7936K, 99% used [0x00000007c5320000,0x00000007c5ada4b8,0x00000007c5ae0000)
  to   space 7936K, 0% used [0x00000007c4b60000,0x00000007c4b60000,0x00000007c5320000)
 ParOldGen       total 127424K, used 858K [0x0000000745600000, 0x000000074d270000, 0x00000007c1cb0000)
  object space 127424K, 0% used [0x0000000745600000,0x00000007456d6a00,0x000000074d270000)
 PSPermGen       total 22208K, used 22028K [0x000000073b000000, 0x000000073c5b0000, 0x0000000745600000)
  object space 22208K, 99% used [0x000000073b000000,0x000000073c5832e0,0x000000073c5b0000)
}

Deoptimization events (10 events):
Event: 95.477 Thread 0x00007f4e0c4a2000 Uncommon trap -83 fr.pc 0x00007f4e091772e8
Event: 95.481 Thread 0x00007f4e0c4a2000 Uncommon trap -34 fr.pc 0x00007f4e0913cbd0
Event: 97.837 Thread 0x00007f4e0c4a2000 Uncommon trap -12 fr.pc 0x00007f4e090fed18
Event: 97.838 Thread 0x00007f4e0c4a2000 Uncommon trap -12 fr.pc 0x00007f4e090dd240
Event: 97.838 Thread 0x00007f4e0c4a2000 Uncommon trap -12 fr.pc 0x00007f4e090c7df4
Event: 97.856 Thread 0x00007f4e0c4a2000 Uncommon trap -83 fr.pc 0x00007f4e09159a98
Event: 126.898 Thread 0x00007f4e0c4a2000 Uncommon trap -34 fr.pc 0x00007f4e091425e0
Event: 126.898 Thread 0x00007f4e0c4a2000 Uncommon trap -34 fr.pc 0x00007f4e091425e0
Event: 135.258 Thread 0x00007f4e0c4a2000 Uncommon trap -34 fr.pc 0x00007f4e091425e0
Event: 135.258 Thread 0x00007f4e0c4a2000 Uncommon trap -34 fr.pc 0x00007f4e091425e0

Internal exceptions (10 events):
Event: 95.503 Thread 0x00007f4e0c4a2000 Threw 0x00000007c433f2b8 at /build/buildd/openjdk-6-6b34-1.13.6/build/openjdk/hotspot/src/share/vm/classfile/systemDictionary.cpp:1
Event: 95.503 Thread 0x00007f4e0c4a2000 Threw 0x00000007c433fc08 at /build/buildd/openjdk-6-6b34-1.13.6/build/openjdk/hotspot/src/share/vm/prims/jvm.cpp:1272
Event: 97.827 Thread 0x00007f4db8161800 Threw 0x00000007c28000a0 at /build/buildd/openjdk-6-6b34-1.13.6/build/openjdk/hotspot/src/share/vm/classfile/systemDictionary.cpp:1
Event: 97.827 Thread 0x00007f4db8161800 Threw 0x00000007c2800470 at /build/buildd/openjdk-6-6b34-1.13.6/build/openjdk/hotspot/src/share/vm/prims/jvm.cpp:1272
Event: 97.837 Thread 0x00007f4e0c4a2000 Implicit null exception at 0x00007f4e090fec80 to 0x00007f4e090fed0a
Event: 97.838 Thread 0x00007f4e0c4a2000 Implicit null exception at 0x00007f4e090dd00b to 0x00007f4e090dd235
Event: 97.838 Thread 0x00007f4e0c4a2000 Implicit null exception at 0x00007f4e090c7c73 to 0x00007f4e090c7de9
Event: 97.853 Thread 0x00007f4db8161800 Threw 0x00000007c4447dc8 at /build/buildd/openjdk-6-6b34-1.13.6/build/openjdk/hotspot/src/share/vm/prims/jni.cpp:716
Event: 97.856 Thread 0x00007f4e0c4a2000 Implicit null exception at 0x00007f4e09159948 to 0x00007f4e09159a81
Event: 298.141 Thread 0x00007f4e0c4a2000 Implicit null exception at 0x00007f4e091f2838 to 0x0000000000000000

Events (10 events):
Event: 137.339 loading class 0x00007f4e0c1e10f0
Event: 137.339 loading class 0x00007f4e0c1e10f0 done
Event: 137.339 loading class 0x00007f4e0c1df5c0
Event: 137.339 loading class 0x00007f4e0c1df5c0 done
Event: 137.345 Thread 0x00007f4e0c0fa800 flushing nmethod 0x00007f4e0914be90
Event: 137.345 Thread 0x00007f4e0c0fa800 flushing nmethod 0x00007f4e0914ef50
Event: 140.077 Thread 0x00007f4e0c0fd000 flushing nmethod 0x00007f4e09159710
Event: 147.516 Thread 0x00007f4e0c0fa800 flushing nmethod 0x00007f4e091681d0
Event: 147.517 Thread 0x00007f4e0c0fa800 flushing nmethod 0x00007f4e09177110
Event: 148.049 Thread 0x00007f4e0c0fd000 flushing nmethod 0x00007f4e0917a210


Dynamic libraries:
00400000-00409000 r-xp 00000000 08:01 14552281                           /usr/lib/jvm/java-6-openjdk-amd64/jre/bin/java
00608000-00609000 r--p 00008000 08:01 14552281                           /usr/lib/jvm/java-6-openjdk-amd64/jre/bin/java
00609000-0060a000 rw-p 00009000 08:01 14552281                           /usr/lib/jvm/java-6-openjdk-amd64/jre/bin/java
022b4000-022d5000 rw-p 00000000 00:00 0                                  [heap]
73b000000-73c5b0000 rw-p 00000000 00:00 0 
73c5b0000-745600000 rw-p 00000000 00:00 0 
745600000-74d270000 rw-p 00000000 00:00 0 
74d270000-7c1cb0000 rw-p 00000000 00:00 0 
7c1cb0000-7c5ae0000 rw-p 00000000 00:00 0 
7c5ae0000-800000000 rw-p 00000000 00:00 0 
7f4d8c000000-7f4d8c021000 rw-p 00000000 00:00 0 
7f4d8c021000-7f4d90000000 ---p 00000000 00:00 0 
7f4d90000000-7f4d90021000 rw-p 00000000 00:00 0 
7f4d90021000-7f4d94000000 ---p 00000000 00:00 0 
7f4d94000000-7f4d94021000 rw-p 00000000 00:00 0 
7f4d94021000-7f4d98000000 ---p 00000000 00:00 0 
7f4d98000000-7f4d98021000 rw-p 00000000 00:00 0 
7f4d98021000-7f4d9c000000 ---p 00000000 00:00 0 
7f4d9c000000-7f4d9c021000 rw-p 00000000 00:00 0 
7f4d9c021000-7f4da0000000 ---p 00000000 00:00 0 
7f4da0000000-7f4da0021000 rw-p 00000000 00:00 0 
7f4da0021000-7f4da4000000 ---p 00000000 00:00 0 
7f4da4000000-7f4da4021000 rw-p 00000000 00:00 0 
7f4da4021000-7f4da8000000 ---p 00000000 00:00 0 
7f4da8000000-7f4da8021000 rw-p 00000000 00:00 0 
7f4da8021000-7f4dac000000 ---p 00000000 00:00 0 
7f4dac000000-7f4dac021000 rw-p 00000000 00:00 0 
7f4dac021000-7f4db0000000 ---p 00000000 00:00 0 
7f4db0000000-7f4db0021000 rw-p 00000000 00:00 0 
7f4db0021000-7f4db4000000 ---p 00000000 00:00 0 
7f4db4000000-7f4db4021000 rw-p 00000000 00:00 0 
7f4db4021000-7f4db8000000 ---p 00000000 00:00 0 
7f4db8000000-7f4db8290000 rw-p 00000000 00:00 0 
7f4db8290000-7f4dbc000000 ---p 00000000 00:00 0 
7f4dbc000000-7f4dbc021000 rw-p 00000000 00:00 0 
7f4dbc021000-7f4dc0000000 ---p 00000000 00:00 0 
7f4dc0000000-7f4dc0162000 rw-p 00000000 00:00 0 
7f4dc0162000-7f4dc4000000 ---p 00000000 00:00 0 
7f4dc4000000-7f4dc4021000 rw-p 00000000 00:00 0 
7f4dc4021000-7f4dc8000000 ---p 00000000 00:00 0 
7f4dc8000000-7f4dc8021000 rw-p 00000000 00:00 0 
7f4dc8021000-7f4dcc000000 ---p 00000000 00:00 0 
7f4dcc000000-7f4dcd715000 rw-p 00000000 00:00 0 
7f4dcd715000-7f4dd0000000 ---p 00000000 00:00 0 
7f4dd0000000-7f4dd0021000 rw-p 00000000 00:00 0 
7f4dd0021000-7f4dd4000000 ---p 00000000 00:00 0 
7f4dd4000000-7f4dd4021000 rw-p 00000000 00:00 0 
7f4dd4021000-7f4dd8000000 ---p 00000000 00:00 0 
7f4dd8000000-7f4dd8672000 rw-p 00000000 00:00 0 
7f4dd8672000-7f4ddc000000 ---p 00000000 00:00 0 
7f4ddc000000-7f4ddc021000 rw-p 00000000 00:00 0 
7f4ddc021000-7f4de0000000 ---p 00000000 00:00 0 
7f4de0000000-7f4de0021000 rw-p 00000000 00:00 0 
7f4de0021000-7f4de4000000 ---p 00000000 00:00 0 
7f4de4000000-7f4de4021000 rw-p 00000000 00:00 0 
7f4de4021000-7f4de8000000 ---p 00000000 00:00 0 
7f4de8000000-7f4de8021000 rw-p 00000000 00:00 0 
7f4de8021000-7f4dec000000 ---p 00000000 00:00 0 
7f4dec000000-7f4dec021000 rw-p 00000000 00:00 0 
7f4dec021000-7f4df0000000 ---p 00000000 00:00 0 
7f4df4000000-7f4df4021000 rw-p 00000000 00:00 0 
7f4df4021000-7f4df8000000 ---p 00000000 00:00 0 
7f4df8db4000-7f4df8f96000 rw-s 00000000 00:04 6062082                    /SYSV00000000 (deleted)
7f4df8f96000-7f4df8f99000 ---p 00000000 00:00 0 
7f4df8f99000-7f4df9097000 rw-p 00000000 00:00 0                          [stack:9305]
7f4df90f6000-7f4df90f9000 ---p 00000000 00:00 0 
7f4df90f9000-7f4df91f7000 rw-p 00000000 00:00 0                          [stack:9302]
7f4df91f7000-7f4df91fa000 ---p 00000000 00:00 0 
7f4df91fa000-7f4df92f8000 rw-p 00000000 00:00 0                          [stack:9301]
7f4df92f8000-7f4df92fb000 ---p 00000000 00:00 0 
7f4df92fb000-7f4df93f9000 rw-p 00000000 00:00 0 
7f4df9444000-7f4df9447000 ---p 00000000 00:00 0 
7f4df9447000-7f4df9545000 rw-p 00000000 00:00 0                          [stack:9316]
7f4df9545000-7f4df9548000 ---p 00000000 00:00 0 
7f4df9548000-7f4df9646000 rw-p 00000000 00:00 0 
7f4df9646000-7f4df9649000 ---p 00000000 00:00 0 
7f4df9649000-7f4df9747000 rw-p 00000000 00:00 0 
7f4df9747000-7f4df974a000 ---p 00000000 00:00 0 
7f4df974a000-7f4df9848000 rw-p 00000000 00:00 0 
7f4df9848000-7f4df984b000 ---p 00000000 00:00 0 
7f4df984b000-7f4df9949000 rw-p 00000000 00:00 0                          [stack:9310]
7f4df9949000-7f4df994c000 ---p 00000000 00:00 0 
7f4df994c000-7f4df9a4a000 rw-p 00000000 00:00 0                          [stack:9309]
7f4df9a4a000-7f4df9a4d000 ---p 00000000 00:00 0 
7f4df9a4d000-7f4df9b4b000 rw-p 00000000 00:00 0                          [stack:9308]
7f4df9b4b000-7f4df9b4e000 ---p 00000000 00:00 0 
7f4df9b4e000-7f4df9c4c000 rw-p 00000000 00:00 0                          [stack:9307]
7f4df9c4c000-7f4df9c4f000 ---p 00000000 00:00 0 
7f4df9c4f000-7f4df9d4d000 rw-p 00000000 00:00 0                          [stack:9306]
7f4df9d4d000-7f4df9d55000 r-xp 00000000 08:01 14552321                   /usr/lib/jvm/java-6-openjdk-amd64/jre/lib/amd64/libnio.so
7f4df9d55000-7f4df9f54000 ---p 00008000 08:01 14552321                   /usr/lib/jvm/java-6-openjdk-amd64/jre/lib/amd64/libnio.so
7f4df9f54000-7f4df9f55000 r--p 00007000 08:01 14552321                   /usr/lib/jvm/java-6-openjdk-amd64/jre/lib/amd64/libnio.so
7f4df9f55000-7f4df9f56000 rw-p 00008000 08:01 14552321                   /usr/lib/jvm/java-6-openjdk-amd64/jre/lib/amd64/libnio.so
7f4df9f56000-7f4df9f6c000 r-xp 00000000 08:01 14552320                   /usr/lib/jvm/java-6-openjdk-amd64/jre/lib/amd64/libnet.so
7f4df9f6c000-7f4dfa16b000 ---p 00016000 08:01 14552320                   /usr/lib/jvm/java-6-openjdk-amd64/jre/lib/amd64/libnet.so
7f4dfa16b000-7f4dfa16c000 r--p 00015000 08:01 14552320                   /usr/lib/jvm/java-6-openjdk-amd64/jre/lib/amd64/libnet.so
7f4dfa16c000-7f4dfa16d000 rw-p 00016000 08:01 14552320                   /usr/lib/jvm/java-6-openjdk-amd64/jre/lib/amd64/libnet.so
7f4dfa16d000-7f4dfa172000 r-xp 00000000 08:01 14429752                   /usr/lib/x86_64-linux-gnu/libXfixes.so.3.1.0
7f4dfa172000-7f4dfa371000 ---p 00005000 08:01 14429752                   /usr/lib/x86_64-linux-gnu/libXfixes.so.3.1.0
7f4dfa371000-7f4dfa372000 r--p 00004000 08:01 14429752                   /usr/lib/x86_64-linux-gnu/libXfixes.so.3.1.0
7f4dfa372000-7f4dfa373000 rw-p 00005000 08:01 14429752                   /usr/lib/x86_64-linux-gnu/libXfixes.so.3.1.0
7f4dfa373000-7f4dfa374000 r--s 00000000 08:01 12845664                   /var/cache/fontconfig/c05880de57d1f5e948fdfacc138775d9-le64.cache-3
7f4dfa374000-7f4dfa378000 r--s 00000000 08:01 12845652                   /var/cache/fontconfig/603b2eb47209ddb3c5269b217a306167-le64.cache-3
7f4dfa378000-7f4dfa381000 r--s 00000000 08:01 12845658                   /var/cache/fontconfig/945677eb7aeaf62f1d50efc3fb3ec7d8-le64.cache-3
7f4dfa381000-7f4dfa385000 r--s 00000000 08:01 12845659                   /var/cache/fontconfig/99e8ed0e538f840c565b6ed5dad60d56-le64.cache-3
7f4dfa385000-7f4dfa388000 r--s 00000000 08:01 12845676                   /var/cache/fontconfig/f24b2111ab8703b4e963115a8cf14259-le64.cache-3
7f4dfa388000-7f4dfa390000 r--s 00000000 08:01 12845660                   /var/cache/fontconfig/a6d8cf8e4ec09cdbc8633c31745a07dd-le64.cache-3
7f4dfa390000-7f4dfa394000 r--s 00000000 08:01 12845640                   /var/cache/fontconfig/2cd17615ca594fa2959ae173292e504c-le64.cache-3
7f4dfa394000-7f4dfa395000 r--s 00000000 08:01 12845674                   /var/cache/fontconfig/e7071f4a29fa870f4323321c154eba04-le64.cache-3
7f4dfa395000-7f4dfa39b000 r--s 00000000 08:01 12845661                   /var/cache/fontconfig/a755afe4a08bf5b97852ceb7400b47bc-le64.cache-3
7f4dfa39b000-7f4dfa3a4000 r--s 00000000 08:01 12845654                   /var/cache/fontconfig/6d41288fd70b0be22e8c3a91e032eec0-le64.cache-3
7f4dfa3a4000-7f4dfa3b4000 r--s 00000000 08:01 12845634                   /var/cache/fontconfig/04aabc0a78ac019cf9454389977116d2-le64.cache-3
7f4dfa3b4000-7f4dfa3e2000 r--s 00000000 08:01 12845642                   /var/cache/fontconfig/365b55f210c0a22e9a19e35191240f32-le64.cache-3
7f4dfa42f000-7f4dfa432000 ---p 00000000 00:00 0 
7f4dfa432000-7f4dfa530000 rw-p 00000000 00:00 0                          [stack:9299]
7f4dfa530000-7f4dfa531000 r--s 00000000 08:01 12845664                   /var/cache/fontconfig/c05880de57d1f5e948fdfacc138775d9-le64.cache-3
7f4dfa531000-7f4dfa535000 r--s 00000000 08:01 12845652                   /var/cache/fontconfig/603b2eb47209ddb3c5269b217a306167-le64.cache-3
7f4dfa535000-7f4dfa53e000 r--s 00000000 08:01 12845658                   /var/cache/fontconfig/945677eb7aeaf62f1d50efc3fb3ec7d8-le64.cache-3
7f4dfa53e000-7f4dfa542000 r--s 00000000 08:01 12845659                   /var/cache/fontconfig/99e8ed0e538f840c565b6ed5dad60d56-le64.cache-3
7f4dfa542000-7f4dfa545000 r--s 00000000 08:01 12845676                   /var/cache/fontconfig/f24b2111ab8703b4e963115a8cf14259-le64.cache-3
7f4dfa545000-7f4dfa54d000 r--s 00000000 08:01 12845660                   /var/cache/fontconfig/a6d8cf8e4ec09cdbc8633c31745a07dd-le64.cache-3
7f4dfa54d000-7f4dfa551000 r--s 00000000 08:01 12845640                   /var/cache/fontconfig/2cd17615ca594fa2959ae173292e504c-le64.cache-3
7f4dfa551000-7f4dfa552000 r--s 00000000 08:01 12845674                   /var/cache/fontconfig/e7071f4a29fa870f4323321c154eba04-le64.cache-3
7f4dfa552000-7f4dfa553000 r--s 00000000 08:01 12845636                   /var/cache/fontconfig/0d8c3b2ac0904cb8a57a757ad11a4a08-le64.cache-3
7f4dfa553000-7f4dfa559000 r--s 00000000 08:01 12845661                   /var/cache/fontconfig/a755afe4a08bf5b97852ceb7400b47bc-le64.cache-3
7f4dfa559000-7f4dfa55a000 r--s 00000000 08:01 12845651                   /var/cache/fontconfig/5a76b20910bc01daa5b6abd117531ab8-le64.cache-3
7f4dfa55a000-7f4dfa563000 r--s 00000000 08:01 12845654                   /var/cache/fontconfig/6d41288fd70b0be22e8c3a91e032eec0-le64.cache-3
7f4dfa563000-7f4dfa566000 r--s 00000000 08:01 12845670                   /var/cache/fontconfig/de156ccd2eddbdc19d37a45b8b2aac9c-le64.cache-3
7f4dfa566000-7f4dfa576000 r--s 00000000 08:01 12845634                   /var/cache/fontconfig/04aabc0a78ac019cf9454389977116d2-le64.cache-3
7f4dfa576000-7f4dfa579000 r--s 00000000 08:01 12845644                   /var/cache/fontconfig/385c0604a188198f04d133e54aba7fe7-le64.cache-3
7f4dfa579000-7f4dfa57c000 r--s 00000000 08:01 12845669                   /var/cache/fontconfig/ddd4086aec35a5275babba44bb759c3c-le64.cache-3
7f4dfa57c000-7f4dfa57d000 r--s 00000000 08:01 12862452                   /var/cache/fontconfig/4794a0821666d79190d59a36cb4f44b5-le64.cache-3
7f4dfa57d000-7f4dfa580000 r--s 00000000 08:01 12845657                   /var/cache/fontconfig/8801497958630a81b71ace7c5f9b32a8-le64.cache-3
7f4dfa580000-7f4dfa5ae000 r--s 00000000 08:01 12845642                   /var/cache/fontconfig/365b55f210c0a22e9a19e35191240f32-le64.cache-3
7f4dfa5ae000-7f4dfa5b3000 r--s 00000000 08:01 12845641                   /var/cache/fontconfig/3047814df9a2f067bd2d96a2b9c36e5a-le64.cache-3
7f4dfa5b3000-7f4dfa5b4000 r--s 00000000 08:01 12845649                   /var/cache/fontconfig/56cf4f4769d0f4abc89a4895d7bd3ae1-le64.cache-3
7f4dfa5b4000-7f4dfa5b7000 r--s 00000000 08:01 12845671                   /var/cache/fontconfig/de9486f0b47a4d768a594cb4198cb1c6-le64.cache-3
7f4dfa5b7000-7f4dfa5bc000 r--s 00000000 08:01 12845662                   /var/cache/fontconfig/b47c4e1ecd0709278f4910c18777a504-le64.cache-3
7f4dfa5bc000-7f4dfa5c4000 r--s 00000000 08:01 12845648                   /var/cache/fontconfig/52f7bdb7ce746bfd7eaa1985bd9cfa93-le64.cache-3
7f4dfa5c4000-7f4dfa5d4000 r--s 00000000 08:01 12845667                   /var/cache/fontconfig/d52a8644073d54c13679302ca1180695-le64.cache-3
7f4dfa5d4000-7f4dfa5df000 r--s 00000000 08:01 12845633                   /var/cache/fontconfig/0016f91d272966d80cf1fcd12c9c3815-le64.cache-3
7f4dfa5df000-7f4dfa5e5000 r--s 00000000 08:01 12845637                   /var/cache/fontconfig/105b9c7e6f0a4f82d8c9b6e39c52c6f9-le64.cache-3
7f4dfa5e5000-7f4dfa5eb000 r--s 00000000 08:01 12845645                   /var/cache/fontconfig/3f7329c5293ffd510edef78f73874cfd-le64.cache-3
7f4dfa5f6000-7f4dfa5ff000 r-xp 00000000 08:01 14429744                   /usr/lib/x86_64-linux-gnu/libXcursor.so.1.0.2
7f4dfa5ff000-7f4dfa7fe000 ---p 00009000 08:01 14429744                   /usr/lib/x86_64-linux-gnu/libXcursor.so.1.0.2
7f4dfa7fe000-7f4dfa7ff000 r--p 00008000 08:01 14429744                   /usr/lib/x86_64-linux-gnu/libXcursor.so.1.0.2
7f4dfa7ff000-7f4dfa800000 rw-p 00009000 08:01 14429744                   /usr/lib/x86_64-linux-gnu/libXcursor.so.1.0.2
7f4dfa805000-7f4dfa813000 r--s 00351000 08:01 14552429                   /usr/lib/jvm/java-6-openjdk-common/jre/lib/charsets.jar
7f4dfa813000-7f4dfa821000 r--s 00351000 08:01 14552429                   /usr/lib/jvm/java-6-openjdk-common/jre/lib/charsets.jar
7f4dfa821000-7f4dfa822000 r--s 00000000 08:01 12845663                   /var/cache/fontconfig/b9d506c9ac06c20b433354fa67a72993-le64.cache-3
7f4dfa822000-7f4dfa829000 r--s 00000000 08:01 12845635                   /var/cache/fontconfig/089dead882dea3570ffc31a9898cfb69-le64.cache-3
7f4dfa829000-7f4dfa83c000 r--s 00000000 08:01 12845672                   /var/cache/fontconfig/e13b20fdb08344e0e664864cc2ede53d-le64.cache-3
7f4dfa83c000-7f4dfa842000 r--s 00000000 08:01 12845656                   /var/cache/fontconfig/7ef2298fde41cc6eeb7af42e48b7d293-le64.cache-3
7f4dfa842000-7f4dfa845000 ---p 00000000 00:00 0 
7f4dfa845000-7f4dfa943000 rw-p 00000000 00:00 0                          [stack:9298]
7f4dfa943000-7f4dfa9d9000 r-xp 00000000 08:01 14430716                   /usr/lib/x86_64-linux-gnu/libfreetype.so.6.8.0
7f4dfa9d9000-7f4dfabd8000 ---p 00096000 08:01 14430716                   /usr/lib/x86_64-linux-gnu/libfreetype.so.6.8.0
7f4dfabd8000-7f4dfabde000 r--p 00095000 08:01 14430716                   /usr/lib/x86_64-linux-gnu/libfreetype.so.6.8.0
7f4dfabde000-7f4dfabdf000 rw-p 0009b000 08:01 14430716                   /usr/lib/x86_64-linux-gnu/libfreetype.so.6.8.0
7f4dfabdf000-7f4dfac2e000 r-xp 00000000 08:01 14552301                   /usr/lib/jvm/java-6-openjdk-amd64/jre/lib/amd64/libfontmanager.so
7f4dfac2e000-7f4dfae2e000 ---p 0004f000 08:01 14552301                   /usr/lib/jvm/java-6-openjdk-amd64/jre/lib/amd64/libfontmanager.so
7f4dfae2e000-7f4dfae30000 r--p 0004f000 08:01 14552301                   /usr/lib/jvm/java-6-openjdk-amd64/jre/lib/amd64/libfontmanager.so
7f4dfae30000-7f4dfae31000 rw-p 00051000 08:01 14552301                   /usr/lib/jvm/java-6-openjdk-amd64/jre/lib/amd64/libfontmanager.so
7f4dfae31000-7f4dfae32000 rw-p 00000000 00:00 0 
7f4dfae32000-7f4dfae37000 r-xp 00000000 08:01 14429747                   /usr/lib/x86_64-linux-gnu/libXdmcp.so.6.0.0
7f4dfae37000-7f4dfb036000 ---p 00005000 08:01 14429747                   /usr/lib/x86_64-linux-gnu/libXdmcp.so.6.0.0
7f4dfb036000-7f4dfb037000 r--p 00004000 08:01 14429747                   /usr/lib/x86_64-linux-gnu/libXdmcp.so.6.0.0
7f4dfb037000-7f4dfb038000 rw-p 00005000 08:01 14429747                   /usr/lib/x86_64-linux-gnu/libXdmcp.so.6.0.0
7f4dfb038000-7f4dfb03a000 r-xp 00000000 08:01 14429740                   /usr/lib/x86_64-linux-gnu/libXau.so.6.0.0
7f4dfb03a000-7f4dfb239000 ---p 00002000 08:01 14429740                   /usr/lib/x86_64-linux-gnu/libXau.so.6.0.0
7f4dfb239000-7f4dfb23a000 r--p 00001000 08:01 14429740                   /usr/lib/x86_64-linux-gnu/libXau.so.6.0.0
7f4dfb23a000-7f4dfb23b000 rw-p 00002000 08:01 14429740                   /usr/lib/x86_64-linux-gnu/libXau.so.6.0.0
7f4dfb23b000-7f4dfb258000 r-xp 00000000 08:01 14430171                   /usr/lib/x86_64-linux-gnu/libxcb.so.1.1.0
7f4dfb258000-7f4dfb457000 ---p 0001d000 08:01 14430171                   /usr/lib/x86_64-linux-gnu/libxcb.so.1.1.0
7f4dfb457000-7f4dfb458000 r--p 0001c000 08:01 14430171                   /usr/lib/x86_64-linux-gnu/libxcb.so.1.1.0
7f4dfb458000-7f4dfb459000 rw-p 0001d000 08:01 14430171                   /usr/lib/x86_64-linux-gnu/libxcb.so.1.1.0
7f4dfb459000-7f4dfb468000 r-xp 00000000 08:01 14429768                   /usr/lib/x86_64-linux-gnu/libXi.so.6.1.0
7f4dfb468000-7f4dfb667000 ---p 0000f000 08:01 14429768                   /usr/lib/x86_64-linux-gnu/libXi.so.6.1.0
7f4dfb667000-7f4dfb668000 r--p 0000e000 08:01 14429768                   /usr/lib/x86_64-linux-gnu/libXi.so.6.1.0
7f4dfb668000-7f4dfb669000 rw-p 0000f000 08:01 14429768                   /usr/lib/x86_64-linux-gnu/libXi.so.6.1.0
7f4dfb669000-7f4dfb66e000 r-xp 00000000 08:01 14429763                   /usr/lib/x86_64-linux-gnu/libXtst.so.6.1.0
7f4dfb66e000-7f4dfb86d000 ---p 00005000 08:01 14429763                   /usr/lib/x86_64-linux-gnu/libXtst.so.6.1.0
7f4dfb86d000-7f4dfb86e000 r--p 00004000 08:01 14429763                   /usr/lib/x86_64-linux-gnu/libXtst.so.6.1.0
7f4dfb86e000-7f4dfb86f000 rw-p 00005000 08:01 14429763                   /usr/lib/x86_64-linux-gnu/libXtst.so.6.1.0
7f4dfb86f000-7f4dfb878000 r-xp 00000000 08:01 14429759                   /usr/lib/x86_64-linux-gnu/libXrender.so.1.3.0
7f4dfb878000-7f4dfba77000 ---p 00009000 08:01 14429759                   /usr/lib/x86_64-linux-gnu/libXrender.so.1.3.0
7f4dfba77000-7f4dfba78000 r--p 00008000 08:01 14429759                   /usr/lib/x86_64-linux-gnu/libXrender.so.1.3.0
7f4dfba78000-7f4dfba79000 rw-p 00009000 08:01 14429759                   /usr/lib/x86_64-linux-gnu/libXrender.so.1.3.0
7f4dfba79000-7f4dfbba9000 r-xp 00000000 08:01 14429737                   /usr/lib/x86_64-linux-gnu/libX11.so.6.3.0
7f4dfbba9000-7f4dfbda9000 ---p 00130000 08:01 14429737                   /usr/lib/x86_64-linux-gnu/libX11.so.6.3.0
7f4dfbda9000-7f4dfbdaa000 r--p 00130000 08:01 14429737                   /usr/lib/x86_64-linux-gnu/libX11.so.6.3.0
7f4dfbdaa000-7f4dfbdae000 rw-p 00131000 08:01 14429737                   /usr/lib/x86_64-linux-gnu/libX11.so.6.3.0
7f4dfbdae000-7f4dfbdfb000 r-xp 00000000 08:01 14552340                   /usr/lib/jvm/java-6-openjdk-amd64/jre/lib/amd64/xawt/libmawt.so
7f4dfbdfb000-7f4dfbffb000 ---p 0004d000 08:01 14552340                   /usr/lib/jvm/java-6-openjdk-amd64/jre/lib/amd64/xawt/libmawt.so
7f4dfbffb000-7f4dfbffc000 r--p 0004d000 08:01 14552340                   /usr/lib/jvm/java-6-openjdk-amd64/jre/lib/amd64/xawt/libmawt.so
7f4dfbffc000-7f4dfbfff000 rw-p 0004e000 08:01 14552340                   /usr/lib/jvm/java-6-openjdk-amd64/jre/lib/amd64/xawt/libmawt.so
7f4dfbfff000-7f4dfc000000 rw-p 00000000 00:00 0 
7f4dfc000000-7f4dfc021000 rw-p 00000000 00:00 0 
7f4dfc021000-7f4e00000000 ---p 00000000 00:00 0 
7f4e00000000-7f4e00001000 r--s 00000000 08:01 12845636                   /var/cache/fontconfig/0d8c3b2ac0904cb8a57a757ad11a4a08-le64.cache-3
7f4e00001000-7f4e00002000 r--s 00000000 08:01 12845651                   /var/cache/fontconfig/5a76b20910bc01daa5b6abd117531ab8-le64.cache-3
7f4e00002000-7f4e00005000 r--s 00000000 08:01 12845670                   /var/cache/fontconfig/de156ccd2eddbdc19d37a45b8b2aac9c-le64.cache-3
7f4e00005000-7f4e00008000 r--s 00000000 08:01 12845644                   /var/cache/fontconfig/385c0604a188198f04d133e54aba7fe7-le64.cache-3
7f4e00008000-7f4e0000b000 r--s 00000000 08:01 12845669                   /var/cache/fontconfig/ddd4086aec35a5275babba44bb759c3c-le64.cache-3
7f4e0000b000-7f4e00010000 r--s 00000000 08:01 12845641                   /var/cache/fontconfig/3047814df9a2f067bd2d96a2b9c36e5a-le64.cache-3
7f4e00010000-7f4e00020000 r-xp 00000000 08:01 14429749                   /usr/lib/x86_64-linux-gnu/libXext.so.6.4.0
7f4e00020000-7f4e0021f000 ---p 00010000 08:01 14429749                   /usr/lib/x86_64-linux-gnu/libXext.so.6.4.0
7f4e0021f000-7f4e00220000 r--p 0000f000 08:01 14429749                   /usr/lib/x86_64-linux-gnu/libXext.so.6.4.0
7f4e00220000-7f4e00221000 rw-p 00010000 08:01 14429749                   /usr/lib/x86_64-linux-gnu/libXext.so.6.4.0
7f4e00221000-7f4e002c3000 r-xp 00000000 08:01 14552299                   /usr/lib/jvm/java-6-openjdk-amd64/jre/lib/amd64/libawt.so
7f4e002c3000-7f4e004c3000 ---p 000a2000 08:01 14552299                   /usr/lib/jvm/java-6-openjdk-amd64/jre/lib/amd64/libawt.so
7f4e004c3000-7f4e004c4000 r--p 000a2000 08:01 14552299                   /usr/lib/jvm/java-6-openjdk-amd64/jre/lib/amd64/libawt.so
7f4e004c4000-7f4e004cf000 rw-p 000a3000 08:01 14552299                   /usr/lib/jvm/java-6-openjdk-amd64/jre/lib/amd64/libawt.so
7f4e004cf000-7f4e004f4000 rw-p 00000000 00:00 0 
7f4e004f4000-7f4e004f5000 ---p 00000000 00:00 0 
7f4e004f5000-7f4e005f5000 rw-p 00000000 00:00 0                          [stack:9297]
7f4e005f5000-7f4e005f8000 ---p 00000000 00:00 0 
7f4e005f8000-7f4e006f6000 rw-p 00000000 00:00 0                          [stack:9296]
7f4e006f6000-7f4e006f9000 ---p 00000000 00:00 0 
7f4e006f9000-7f4e007f7000 rw-p 00000000 00:00 0                          [stack:9295]
7f4e007f7000-7f4e007fa000 ---p 00000000 00:00 0 
7f4e007fa000-7f4e008f8000 rw-p 00000000 00:00 0                          [stack:9294]
7f4e008f8000-7f4e008fb000 ---p 00000000 00:00 0 
7f4e008fb000-7f4e009f9000 rw-p 00000000 00:00 0                          [stack:9293]
7f4e009f9000-7f4e010dc000 r--p 00000000 08:01 14428109                   /usr/lib/locale/locale-archive
7f4e010dc000-7f4e010df000 ---p 00000000 00:00 0 
7f4e010df000-7f4e011dd000 rw-p 00000000 00:00 0                          [stack:9292]
7f4e011dd000-7f4e011e0000 ---p 00000000 00:00 0 
7f4e011e0000-7f4e012de000 rw-p 00000000 00:00 0                          [stack:9291]
7f4e012de000-7f4e012df000 ---p 00000000 00:00 0 
7f4e012df000-7f4e09000000 rw-p 00000000 00:00 0                          [stack:9290]
7f4e09000000-7f4e09270000 rwxp 00000000 00:00 0 
7f4e09270000-7f4e0c5ae000 rw-p 00000000 00:00 0 
7f4e0c5ae000-7f4e10000000 ---p 00000000 00:00 0 
7f4e10000000-7f4e10001000 r--s 00000000 08:01 12862452                   /var/cache/fontconfig/4794a0821666d79190d59a36cb4f44b5-le64.cache-3
7f4e10001000-7f4e10004000 r--s 00000000 08:01 12845657                   /var/cache/fontconfig/8801497958630a81b71ace7c5f9b32a8-le64.cache-3
7f4e10004000-7f4e10009000 r--s 00000000 08:01 12845662                   /var/cache/fontconfig/b47c4e1ecd0709278f4910c18777a504-le64.cache-3
7f4e10009000-7f4e10011000 r--s 00000000 08:01 12845648                   /var/cache/fontconfig/52f7bdb7ce746bfd7eaa1985bd9cfa93-le64.cache-3
7f4e10011000-7f4e10021000 r--s 00000000 08:01 12845667                   /var/cache/fontconfig/d52a8644073d54c13679302ca1180695-le64.cache-3
7f4e10021000-7f4e1002c000 r--s 00000000 08:01 12845633                   /var/cache/fontconfig/0016f91d272966d80cf1fcd12c9c3815-le64.cache-3
7f4e1002c000-7f4e10032000 r--s 00000000 08:01 12845637                   /var/cache/fontconfig/105b9c7e6f0a4f82d8c9b6e39c52c6f9-le64.cache-3
7f4e10032000-7f4e10045000 r--s 00000000 08:01 12845672                   /var/cache/fontconfig/e13b20fdb08344e0e664864cc2ede53d-le64.cache-3
7f4e10045000-7f4e1006c000 r--s 00478000 08:01 14685418                   /usr/share/jedit/jedit.jar
7f4e1006c000-7f4e10f53000 rw-p 00000000 00:00 0 
7f4e10f53000-7f4e110eb000 r--s 01a24000 08:01 14552296                   /usr/lib/jvm/java-6-openjdk-amd64/jre/lib/rt.jar
7f4e110eb000-7f4e11113000 rw-p 00000000 00:00 0 
7f4e11113000-7f4e11114000 ---p 00000000 00:00 0 
7f4e11114000-7f4e11214000 rw-p 00000000 00:00 0                          [stack:9289]
7f4e11214000-7f4e11215000 ---p 00000000 00:00 0 
7f4e11215000-7f4e11315000 rw-p 00000000 00:00 0                          [stack:9288]
7f4e11315000-7f4e11316000 ---p 00000000 00:00 0 
7f4e11316000-7f4e11416000 rw-p 00000000 00:00 0                          [stack:9287]
7f4e11416000-7f4e11417000 ---p 00000000 00:00 0 
7f4e11417000-7f4e11522000 rw-p 00000000 00:00 0                          [stack:9286]
7f4e11522000-7f4e1156a000 rw-p 00000000 00:00 0 
7f4e1156a000-7f4e115a9000 rw-p 00000000 00:00 0 
7f4e115a9000-7f4e1194e000 rw-p 00000000 00:00 0 
7f4e1194e000-7f4e11959000 rw-p 00000000 00:00 0 
7f4e11959000-7f4e119a1000 rw-p 00000000 00:00 0 
7f4e119a1000-7f4e119e0000 rw-p 00000000 00:00 0 
7f4e119e0000-7f4e11d84000 rw-p 00000000 00:00 0 
7f4e11d84000-7f4e11da4000 rw-p 00000000 00:00 0 
7f4e11da4000-7f4e11f76000 rw-p 00000000 00:00 0 
7f4e11f76000-7f4e11f77000 rw-p 00000000 00:00 0 
7f4e11f77000-7f4e11f7e000 r-xp 00000000 08:01 14552329                   /usr/lib/jvm/java-6-openjdk-amd64/jre/lib/amd64/libzip.so
7f4e11f7e000-7f4e1217d000 ---p 00007000 08:01 14552329                   /usr/lib/jvm/java-6-openjdk-amd64/jre/lib/amd64/libzip.so
7f4e1217d000-7f4e1217e000 r--p 00006000 08:01 14552329                   /usr/lib/jvm/java-6-openjdk-amd64/jre/lib/amd64/libzip.so
7f4e1217e000-7f4e1217f000 rw-p 00007000 08:01 14552329                   /usr/lib/jvm/java-6-openjdk-amd64/jre/lib/amd64/libzip.so
7f4e1217f000-7f4e1218b000 r-xp 00000000 08:01 4198210                    /lib/x86_64-linux-gnu/libnss_files-2.15.so
7f4e1218b000-7f4e1238a000 ---p 0000c000 08:01 4198210                    /lib/x86_64-linux-gnu/libnss_files-2.15.so
7f4e1238a000-7f4e1238b000 r--p 0000b000 08:01 4198210                    /lib/x86_64-linux-gnu/libnss_files-2.15.so
7f4e1238b000-7f4e1238c000 rw-p 0000c000 08:01 4198210                    /lib/x86_64-linux-gnu/libnss_files-2.15.so
7f4e1238c000-7f4e12396000 r-xp 00000000 08:01 4200554                    /lib/x86_64-linux-gnu/libnss_nis-2.15.so
7f4e12396000-7f4e12596000 ---p 0000a000 08:01 4200554                    /lib/x86_64-linux-gnu/libnss_nis-2.15.so
7f4e12596000-7f4e12597000 r--p 0000a000 08:01 4200554                    /lib/x86_64-linux-gnu/libnss_nis-2.15.so
7f4e12597000-7f4e12598000 rw-p 0000b000 08:01 4200554                    /lib/x86_64-linux-gnu/libnss_nis-2.15.so
7f4e12598000-7f4e125af000 r-xp 00000000 08:01 4195430                    /lib/x86_64-linux-gnu/libnsl-2.15.so
7f4e125af000-7f4e127ae000 ---p 00017000 08:01 4195430                    /lib/x86_64-linux-gnu/libnsl-2.15.so
7f4e127ae000-7f4e127af000 r--p 00016000 08:01 4195430                    /lib/x86_64-linux-gnu/libnsl-2.15.so
7f4e127af000-7f4e127b0000 rw-p 00017000 08:01 4195430                    /lib/x86_64-linux-gnu/libnsl-2.15.so
7f4e127b0000-7f4e127b2000 rw-p 00000000 00:00 0 
7f4e127b2000-7f4e127ba000 r-xp 00000000 08:01 4195514                    /lib/x86_64-linux-gnu/libnss_compat-2.15.so
7f4e127ba000-7f4e129b9000 ---p 00008000 08:01 4195514                    /lib/x86_64-linux-gnu/libnss_compat-2.15.so
7f4e129b9000-7f4e129ba000 r--p 00007000 08:01 4195514                    /lib/x86_64-linux-gnu/libnss_compat-2.15.so
7f4e129ba000-7f4e129bb000 rw-p 00008000 08:01 4195514                    /lib/x86_64-linux-gnu/libnss_compat-2.15.so
7f4e129bb000-7f4e129e8000 r-xp 00000000 08:01 14552310                   /usr/lib/jvm/java-6-openjdk-amd64/jre/lib/amd64/libjava.so
7f4e129e8000-7f4e12be7000 ---p 0002d000 08:01 14552310                   /usr/lib/jvm/java-6-openjdk-amd64/jre/lib/amd64/libjava.so
7f4e12be7000-7f4e12be8000 r--p 0002c000 08:01 14552310                   /usr/lib/jvm/java-6-openjdk-amd64/jre/lib/amd64/libjava.so
7f4e12be8000-7f4e12beb000 rw-p 0002d000 08:01 14552310                   /usr/lib/jvm/java-6-openjdk-amd64/jre/lib/amd64/libjava.so
7f4e12beb000-7f4e12bf9000 r-xp 00000000 08:01 14552328                   /usr/lib/jvm/java-6-openjdk-amd64/jre/lib/amd64/libverify.so
7f4e12bf9000-7f4e12df8000 ---p 0000e000 08:01 14552328                   /usr/lib/jvm/java-6-openjdk-amd64/jre/lib/amd64/libverify.so
7f4e12df8000-7f4e12dfa000 r--p 0000d000 08:01 14552328                   /usr/lib/jvm/java-6-openjdk-amd64/jre/lib/amd64/libverify.so
7f4e12dfa000-7f4e12dfb000 rw-p 0000f000 08:01 14552328                   /usr/lib/jvm/java-6-openjdk-amd64/jre/lib/amd64/libverify.so
7f4e12dfb000-7f4e12e02000 r-xp 00000000 08:01 4200758                    /lib/x86_64-linux-gnu/librt-2.15.so
7f4e12e02000-7f4e13001000 ---p 00007000 08:01 4200758                    /lib/x86_64-linux-gnu/librt-2.15.so
7f4e13001000-7f4e13002000 r--p 00006000 08:01 4200758                    /lib/x86_64-linux-gnu/librt-2.15.so
7f4e13002000-7f4e13003000 rw-p 00007000 08:01 4200758                    /lib/x86_64-linux-gnu/librt-2.15.so
7f4e13003000-7f4e13018000 r-xp 00000000 08:01 4198211                    /lib/x86_64-linux-gnu/libgcc_s.so.1
7f4e13018000-7f4e13217000 ---p 00015000 08:01 4198211                    /lib/x86_64-linux-gnu/libgcc_s.so.1
7f4e13217000-7f4e13218000 r--p 00014000 08:01 4198211                    /lib/x86_64-linux-gnu/libgcc_s.so.1
7f4e13218000-7f4e13219000 rw-p 00015000 08:01 4198211                    /lib/x86_64-linux-gnu/libgcc_s.so.1
7f4e13219000-7f4e13314000 r-xp 00000000 08:01 4194639                    /lib/x86_64-linux-gnu/libm-2.15.so
7f4e13314000-7f4e13513000 ---p 000fb000 08:01 4194639                    /lib/x86_64-linux-gnu/libm-2.15.so
7f4e13513000-7f4e13514000 r--p 000fa000 08:01 4194639                    /lib/x86_64-linux-gnu/libm-2.15.so
7f4e13514000-7f4e13515000 rw-p 000fb000 08:01 4194639                    /lib/x86_64-linux-gnu/libm-2.15.so
7f4e13515000-7f4e135f7000 r-xp 00000000 08:01 14430108                   /usr/lib/x86_64-linux-gnu/libstdc++.so.6.0.16
7f4e135f7000-7f4e137f6000 ---p 000e2000 08:01 14430108                   /usr/lib/x86_64-linux-gnu/libstdc++.so.6.0.16
7f4e137f6000-7f4e137fe000 r--p 000e1000 08:01 14430108                   /usr/lib/x86_64-linux-gnu/libstdc++.so.6.0.16
7f4e137fe000-7f4e13800000 rw-p 000e9000 08:01 14430108                   /usr/lib/x86_64-linux-gnu/libstdc++.so.6.0.16
7f4e13800000-7f4e13815000 rw-p 00000000 00:00 0 
7f4e13815000-7f4e141ed000 r-xp 00000000 08:01 14552339                   /usr/lib/jvm/java-6-openjdk-amd64/jre/lib/amd64/server/libjvm.so
7f4e141ed000-7f4e143ec000 ---p 009d8000 08:01 14552339                   /usr/lib/jvm/java-6-openjdk-amd64/jre/lib/amd64/server/libjvm.so
7f4e143ec000-7f4e1446b000 r--p 009d7000 08:01 14552339                   /usr/lib/jvm/java-6-openjdk-amd64/jre/lib/amd64/server/libjvm.so
7f4e1446b000-7f4e1448e000 rw-p 00a56000 08:01 14552339                   /usr/lib/jvm/java-6-openjdk-amd64/jre/lib/amd64/server/libjvm.so
7f4e1448e000-7f4e144b8000 rw-p 00000000 00:00 0 
7f4e144b8000-7f4e144ce000 r-xp 00000000 08:01 4198264                    /lib/x86_64-linux-gnu/libz.so.1.2.3.4
7f4e144ce000-7f4e146cd000 ---p 00016000 08:01 4198264                    /lib/x86_64-linux-gnu/libz.so.1.2.3.4
7f4e146cd000-7f4e146ce000 r--p 00015000 08:01 4198264                    /lib/x86_64-linux-gnu/libz.so.1.2.3.4
7f4e146ce000-7f4e146cf000 rw-p 00016000 08:01 4198264                    /lib/x86_64-linux-gnu/libz.so.1.2.3.4
7f4e146cf000-7f4e14883000 r-xp 00000000 08:01 4194603                    /lib/x86_64-linux-gnu/libc-2.15.so
7f4e14883000-7f4e14a83000 ---p 001b4000 08:01 4194603                    /lib/x86_64-linux-gnu/libc-2.15.so
7f4e14a83000-7f4e14a87000 r--p 001b4000 08:01 4194603                    /lib/x86_64-linux-gnu/libc-2.15.so
7f4e14a87000-7f4e14a89000 rw-p 001b8000 08:01 4194603                    /lib/x86_64-linux-gnu/libc-2.15.so
7f4e14a89000-7f4e14a8e000 rw-p 00000000 00:00 0 
7f4e14a8e000-7f4e14a90000 r-xp 00000000 08:01 4194636                    /lib/x86_64-linux-gnu/libdl-2.15.so
7f4e14a90000-7f4e14c90000 ---p 00002000 08:01 4194636                    /lib/x86_64-linux-gnu/libdl-2.15.so
7f4e14c90000-7f4e14c91000 r--p 00002000 08:01 4194636                    /lib/x86_64-linux-gnu/libdl-2.15.so
7f4e14c91000-7f4e14c92000 rw-p 00003000 08:01 4194636                    /lib/x86_64-linux-gnu/libdl-2.15.so
7f4e14c92000-7f4e14c96000 r-xp 00000000 08:01 14552335                   /usr/lib/jvm/java-6-openjdk-amd64/jre/lib/amd64/jli/libjli.so
7f4e14c96000-7f4e14e95000 ---p 00004000 08:01 14552335                   /usr/lib/jvm/java-6-openjdk-amd64/jre/lib/amd64/jli/libjli.so
7f4e14e95000-7f4e14e96000 r--p 00003000 08:01 14552335                   /usr/lib/jvm/java-6-openjdk-amd64/jre/lib/amd64/jli/libjli.so
7f4e14e96000-7f4e14e97000 rw-p 00004000 08:01 14552335                   /usr/lib/jvm/java-6-openjdk-amd64/jre/lib/amd64/jli/libjli.so
7f4e14e97000-7f4e14eaf000 r-xp 00000000 08:01 4194617                    /lib/x86_64-linux-gnu/libpthread-2.15.so
7f4e14eaf000-7f4e150ae000 ---p 00018000 08:01 4194617                    /lib/x86_64-linux-gnu/libpthread-2.15.so
7f4e150ae000-7f4e150af000 r--p 00017000 08:01 4194617                    /lib/x86_64-linux-gnu/libpthread-2.15.so
7f4e150af000-7f4e150b0000 rw-p 00018000 08:01 4194617                    /lib/x86_64-linux-gnu/libpthread-2.15.so
7f4e150b0000-7f4e150b4000 rw-p 00000000 00:00 0 
7f4e150b4000-7f4e150d6000 r-xp 00000000 08:01 4194599                    /lib/x86_64-linux-gnu/ld-2.15.so
7f4e150d6000-7f4e150d7000 r--s 00000000 08:01 12845649                   /var/cache/fontconfig/56cf4f4769d0f4abc89a4895d7bd3ae1-le64.cache-3
7f4e150d7000-7f4e150da000 r--s 00000000 08:01 12845671                   /var/cache/fontconfig/de9486f0b47a4d768a594cb4198cb1c6-le64.cache-3
7f4e150da000-7f4e150e0000 r--s 00000000 08:01 12845645                   /var/cache/fontconfig/3f7329c5293ffd510edef78f73874cfd-le64.cache-3
7f4e150e0000-7f4e150e7000 r--s 00000000 08:01 12845635                   /var/cache/fontconfig/089dead882dea3570ffc31a9898cfb69-le64.cache-3
7f4e150e7000-7f4e150ed000 r--s 00000000 08:01 12845656                   /var/cache/fontconfig/7ef2298fde41cc6eeb7af42e48b7d293-le64.cache-3
7f4e150ed000-7f4e150f7000 rw-p 00000000 00:00 0 
7f4e150f7000-7f4e151ad000 rw-p 00000000 00:00 0 
7f4e151ad000-7f4e151b0000 ---p 00000000 00:00 0 
7f4e151b0000-7f4e152b3000 rw-p 00000000 00:00 0                          [stack:9285]
7f4e152b3000-7f4e152b4000 r--s 00000000 08:01 12845663                   /var/cache/fontconfig/b9d506c9ac06c20b433354fa67a72993-le64.cache-3
7f4e152b4000-7f4e152bb000 r--s 00054000 08:01 14552438                   /usr/lib/jvm/java-6-openjdk-common/jre/lib/resources.jar
7f4e152bb000-7f4e152bf000 r--s 00031000 08:01 14552448                   /usr/lib/jvm/java-6-openjdk-common/jre/lib/ext/sunjce_provider.jar
7f4e152bf000-7f4e152c1000 r--s 00001000 08:01 14552445                   /usr/lib/jvm/java-6-openjdk-common/jre/lib/ext/dnsns.jar
7f4e152c1000-7f4e152c3000 r--s 0000f000 08:01 14552447                   /usr/lib/jvm/java-6-openjdk-common/jre/lib/ext/pulse-java.jar
7f4e152c3000-7f4e152c6000 r--s 00078000 08:01 14552446                   /usr/lib/jvm/java-6-openjdk-common/jre/lib/ext/localedata.jar
7f4e152c6000-7f4e152c9000 r--s 0003a000 08:01 14552449                   /usr/lib/jvm/java-6-openjdk-common/jre/lib/ext/sunpkcs11.jar
7f4e152c9000-7f4e152ca000 r--s 00007000 08:01 15340648                   /usr/share/java/java-atk-wrapper.jar
7f4e152ca000-7f4e152d2000 rw-s 00000000 00:12 9241095                    /tmp/hsperfdata_lehmantd197/9275
7f4e152d2000-7f4e152d3000 rw-p 00000000 00:00 0 
7f4e152d3000-7f4e152d4000 r--p 00000000 00:00 0 
7f4e152d4000-7f4e152d6000 rw-p 00000000 00:00 0 
7f4e152d6000-7f4e152d7000 r--p 00022000 08:01 4194599                    /lib/x86_64-linux-gnu/ld-2.15.so
7f4e152d7000-7f4e152d9000 rw-p 00023000 08:01 4194599                    /lib/x86_64-linux-gnu/ld-2.15.so
7fffea182000-7fffea1a3000 rw-p 00000000 00:00 0                          [stack]
7fffea1f5000-7fffea1f7000 r-xp 00000000 00:00 0                          [vdso]
ffffffffff600000-ffffffffff601000 r-xp 00000000 00:00 0                  [vsyscall]

VM Arguments:
java_command: org.gjt.sp.jedit.jEdit GameEngine.java
Launcher Type: SUN_STANDARD

Environment Variables:
JAVA_HOME=/usr/lib/jvm/java-6-openjdk-amd64
CLASSPATH=:.
PATH=/usr/lib/lightdm/lightdm:/usr/local/sbin:/usr/local/bin:/usr/sbin:/usr/bin:/sbin:/bin
LD_LIBRARY_PATH=/usr/lib/jvm/java-6-openjdk-amd64/jre/lib/amd64/server:/usr/lib/jvm/java-6-openjdk-amd64/jre/lib/amd64:/usr/lib/jvm/java-6-openjdk-amd64/jre/../lib/amd64
SHELL=/bin/bash
DISPLAY=:0.0

Signal Handlers:
SIGSEGV: [libjvm.so+0x83f090], sa_mask[0]=0x7ffbfeff, sa_flags=0x10000004
SIGBUS: [libjvm.so+0x83f090], sa_mask[0]=0x7ffbfeff, sa_flags=0x10000004
SIGFPE: [libjvm.so+0x6debf0], sa_mask[0]=0x7ffbfeff, sa_flags=0x10000004
SIGPIPE: [libjvm.so+0x6debf0], sa_mask[0]=0x7ffbfeff, sa_flags=0x10000004
SIGXFSZ: [libjvm.so+0x6debf0], sa_mask[0]=0x7ffbfeff, sa_flags=0x10000004
SIGILL: [libjvm.so+0x6debf0], sa_mask[0]=0x7ffbfeff, sa_flags=0x10000004
SIGUSR1: SIG_DFL, sa_mask[0]=0x00000000, sa_flags=0x00000000
SIGUSR2: [libjvm.so+0x6df030], sa_mask[0]=0x00000000, sa_flags=0x10000004
SIGHUP: [libjvm.so+0x6df170], sa_mask[0]=0x7ffbfeff, sa_flags=0x10000004
SIGINT: [libjvm.so+0x6df170], sa_mask[0]=0x7ffbfeff, sa_flags=0x10000004
SIGTERM: [libjvm.so+0x6df170], sa_mask[0]=0x7ffbfeff, sa_flags=0x10000004
SIGQUIT: [libjvm.so+0x6df170], sa_mask[0]=0x7ffbfeff, sa_flags=0x10000004


---------------  S Y S T E M  ---------------

OS:Ubuntu 12.04 (precise)
uname:Linux 3.13.0-46-generic #77~precise1-Ubuntu SMP Mon Mar 2 23:24:50 UTC 2015 x86_64
libc:glibc 2.15 NPTL 2.15 
rlimit: STACK 8192k, CORE 0k, NPROC 95362, NOFILE 4096, AS infinity
load average:0.40 0.20 0.10

/proc/meminfo:
MemTotal:       12227408 kB
MemFree:         7584488 kB
Buffers:          696584 kB
Cached:          2331612 kB
SwapCached:            0 kB
Active:          1803120 kB
Inactive:        1594332 kB
Active(anon):     370700 kB
Inactive(anon):     2492 kB
Active(file):    1432420 kB
Inactive(file):  1591840 kB
Unevictable:           0 kB
Mlocked:               0 kB
SwapTotal:      11824124 kB
SwapFree:       11824124 kB
Dirty:                 0 kB
Writeback:             4 kB
AnonPages:        369260 kB
Mapped:           121112 kB
Shmem:              3940 kB
Slab:            1080396 kB
SReclaimable:    1030140 kB
SUnreclaim:        50256 kB
KernelStack:        5520 kB
PageTables:        18716 kB
NFS_Unstable:          0 kB
Bounce:                0 kB
WritebackTmp:          0 kB
CommitLimit:    17937828 kB
Committed_AS:    1615996 kB
VmallocTotal:   34359738367 kB
VmallocUsed:      282640 kB
VmallocChunk:   34359354104 kB
HardwareCorrupted:     0 kB
AnonHugePages:    165888 kB
HugePages_Total:       0
HugePages_Free:        0
HugePages_Rsvd:        0
HugePages_Surp:        0
Hugepagesize:       2048 kB
DirectMap4k:       73696 kB
DirectMap2M:     1945600 kB
DirectMap1G:    10485760 kB


CPU:total 4 (4 cores per cpu, 1 threads per core) family 6 model 45 stepping 7, cmov, cx8, fxsr, mmx, sse, sse2, sse3, ssse3, sse4.1, sse4.2, popcnt, avx, tsc, tscinvbit, tscinv

/proc/cpuinfo:
processor	: 0
vendor_id	: GenuineIntel
cpu family	: 6
model		: 45
model name	: Intel(R) Xeon(R) CPU E5-1607 0 @ 3.00GHz
stepping	: 7
microcode	: 0x70e
cpu MHz		: 1200.000
cache size	: 10240 KB
physical id	: 0
siblings	: 4
core id		: 0
cpu cores	: 4
apicid		: 0
initial apicid	: 0
fpu		: yes
fpu_exception	: yes
cpuid level	: 13
wp		: yes
flags		: fpu vme de pse tsc msr pae mce cx8 apic sep mtrr pge mca cmov pat pse36 clflush dts acpi mmx fxsr sse sse2 ss ht tm pbe syscall nx pdpe1gb rdtscp lm constant_tsc arch_perfmon pebs bts rep_good nopl xtopology nonstop_tsc aperfmperf eagerfpu pni pclmulqdq dtes64 monitor ds_cpl vmx smx est tm2 ssse3 cx16 xtpr pdcm pcid dca sse4_1 sse4_2 x2apic popcnt tsc_deadline_timer aes xsave avx lahf_lm arat epb xsaveopt pln pts dtherm tpr_shadow vnmi flexpriority ept vpid
bogomips	: 5985.49
clflush size	: 64
cache_alignment	: 64
address sizes	: 46 bits physical, 48 bits virtual
power management:

processor	: 1
vendor_id	: GenuineIntel
cpu family	: 6
model		: 45
model name	: Intel(R) Xeon(R) CPU E5-1607 0 @ 3.00GHz
stepping	: 7
microcode	: 0x70e
cpu MHz		: 1200.000
cache size	: 10240 KB
physical id	: 0
siblings	: 4
core id		: 1
cpu cores	: 4
apicid		: 2
initial apicid	: 2
fpu		: yes
fpu_exception	: yes
cpuid level	: 13
wp		: yes
flags		: fpu vme de pse tsc msr pae mce cx8 apic sep mtrr pge mca cmov pat pse36 clflush dts acpi mmx fxsr sse sse2 ss ht tm pbe syscall nx pdpe1gb rdtscp lm constant_tsc arch_perfmon pebs bts rep_good nopl xtopology nonstop_tsc aperfmperf eagerfpu pni pclmulqdq dtes64 monitor ds_cpl vmx smx est tm2 ssse3 cx16 xtpr pdcm pcid dca sse4_1 sse4_2 x2apic popcnt tsc_deadline_timer aes xsave avx lahf_lm arat epb xsaveopt pln pts dtherm tpr_shadow vnmi flexpriority ept vpid
bogomips	: 5985.49
clflush size	: 64
cache_alignment	: 64
address sizes	: 46 bits physical, 48 bits virtual
power management:

processor	: 2
vendor_id	: GenuineIntel
cpu family	: 6
model		: 45
model name	: Intel(R) Xeon(R) CPU E5-1607 0 @ 3.00GHz
stepping	: 7
microcode	: 0x70e
cpu MHz		: 1200.000
cache size	: 10240 KB
physical id	: 0
siblings	: 4
core id		: 2
cpu cores	: 4
apicid		: 4
initial apicid	: 4
fpu		: yes
fpu_exception	: yes
cpuid level	: 13
wp		: yes
flags		: fpu vme de pse tsc msr pae mce cx8 apic sep mtrr pge mca cmov pat pse36 clflush dts acpi mmx fxsr sse sse2 ss ht tm pbe syscall nx pdpe1gb rdtscp lm constant_tsc arch_perfmon pebs bts rep_good nopl xtopology nonstop_tsc aperfmperf eagerfpu pni pclmulqdq dtes64 monitor ds_cpl vmx smx est tm2 ssse3 cx16 xtpr pdcm pcid dca sse4_1 sse4_2 x2apic popcnt tsc_deadline_timer aes xsave avx lahf_lm arat epb xsaveopt pln pts dtherm tpr_shadow vnmi flexpriority ept vpid
bogomips	: 5985.49
clflush size	: 64
cache_alignment	: 64
address sizes	: 46 bits physical, 48 bits virtual
power management:

processor	: 3
vendor_id	: GenuineIntel
cpu family	: 6
model		: 45
model name	: Intel(R) Xeon(R) CPU E5-1607 0 @ 3.00GHz
stepping	: 7
microcode	: 0x70e
cpu MHz		: 1200.000
cache size	: 10240 KB
physical id	: 0
siblings	: 4
core id		: 3
cpu cores	: 4
apicid		: 6
initial apicid	: 6
fpu		: yes
fpu_exception	: yes
cpuid level	: 13
wp		: yes
flags		: fpu vme de pse tsc msr pae mce cx8 apic sep mtrr pge mca cmov pat pse36 clflush dts acpi mmx fxsr sse sse2 ss ht tm pbe syscall nx pdpe1gb rdtscp lm constant_tsc arch_perfmon pebs bts rep_good nopl xtopology nonstop_tsc aperfmperf eagerfpu pni pclmulqdq dtes64 monitor ds_cpl vmx smx est tm2 ssse3 cx16 xtpr pdcm pcid dca sse4_1 sse4_2 x2apic popcnt tsc_deadline_timer aes xsave avx lahf_lm arat epb xsaveopt pln pts dtherm tpr_shadow vnmi flexpriority ept vpid
bogomips	: 5985.49
clflush size	: 64
cache_alignment	: 64
address sizes	: 46 bits physical, 48 bits virtual
power management:



Memory: 4k page, physical 12227408k(7584488k free), swap 11824124k(11824124k free)

vm_info: OpenJDK 64-Bit Server VM (23.25-b01) for linux-amd64 JRE (1.6.0_34-b34), built on Jan 26 2015 23:04:36 by "buildd" with gcc 4.6.3

time: Thu Mar 12 17:36:25 2015
elapsed time: 298 seconds

